<?xml version="1.0" encoding="UTF-8"?>
<coverage generated="1555854321081" clover="3.2.0">
  <project timestamp="1555854321081" name="All files">
    <metrics statements="5" coveredstatements="4" conditionals="0" coveredconditionals="0" methods="0" coveredmethods="0" elements="5" coveredelements="4" complexity="0" loc="5" ncloc="5" packages="2" files="2" classes="2">
      <package name="components">
        <metrics statements="2" coveredstatements="2" conditionals="0" coveredconditionals="0" methods="0" coveredmethods="0"/>
        <file name="GifsList.vue" path="C:\Users\Sladja\Projects\test-app\src\components\GifsList.vue">
          <metrics statements="2" coveredstatements="2" conditionals="0" coveredconditionals="0" methods="0" coveredmethods="0"/>
          <line num="18" count="1" type="stmt"/>
          <line num="19" count="1" type="stmt"/>
        </file>
      </package>
      <package name="views">
        <metrics statements="3" coveredstatements="2" conditionals="0" coveredconditionals="0" methods="0" coveredmethods="0"/>
        <file name="Home.vue" path="C:\Users\Sladja\Projects\test-app\src\views\Home.vue">
          <metrics statements="3" coveredstatements="2" conditionals="0" coveredconditionals="0" methods="0" coveredmethods="0"/>
          <line num="12" count="1" type="stmt"/>
          <line num="13" count="1" type="stmt"/>
          <line num="27" count="0" type="stmt"/>
        </file>
      </package>
    </metrics>
  </project>
</coverage>
