{"C:\\Users\\Sladja\\Projects\\test-app\\src\\components\\GifsList.vue": {"path":"C:\\Users\\Sladja\\Projects\\test-app\\src\\components\\GifsList.vue","statementMap":{"0":{"start":{"line":18,"column":0},"end":{"line":null,"column":-1}},"1":{"start":{"line":19,"column":0},"end":{"line":null,"column":-1}}},"fnMap":{},"branchMap":{},"s":{"0":1,"1":1},"f":{},"b":{}}
,"C:\\Users\\Sladja\\Projects\\test-app\\src\\views\\Home.vue": {"path":"C:\\Users\\Sladja\\Projects\\test-app\\src\\views\\Home.vue","statementMap":{"0":{"start":{"line":12,"column":0},"end":{"line":null,"column":-1}},"1":{"start":{"line":13,"column":0},"end":{"line":null,"column":-1}},"2":{"start":{"line":27,"column":0},"end":{"line":null,"column":-1}}},"fnMap":{},"branchMap":{},"s":{"0":1,"1":1,"2":0},"f":{},"b":{}}
}
